<?xml version="1.0" encoding="UTF-8"?>
<!-- Generated by org.testng.reporters.JUnitReportReporter -->
<testsuite hostname="192.168.1.24" name="testPergi.Staging.HomePage" tests="1" failures="0" timestamp="10 Nov 2017 08:27:35 GMT" time="9.337" errors="0">
  <testcase name="homePageNavigation" time="9.337" classname="testPergi.Staging.HomePage"/>
</testsuite> <!-- testPergi.Staging.HomePage -->
